[debug] [2021-03-16T10:47:00.874Z] ----------------------------------------------------------------------
[debug] [2021-03-16T10:47:00.876Z] Command:       C:\Program Files\nodejs\node.exe C:\Users\robelg\AppData\Roaming\npm\node_modules\firebase-tools\lib\bin\firebase.js init
[debug] [2021-03-16T10:47:00.876Z] CLI Version:   9.4.0
[debug] [2021-03-16T10:47:00.876Z] Platform:      win32
[debug] [2021-03-16T10:47:00.876Z] Node Version:  v14.15.4
[debug] [2021-03-16T10:47:00.877Z] Time:          Tue Mar 16 2021 03:47:00 GMT-0700 (Pacific Daylight Time)
[debug] [2021-03-16T10:47:00.877Z] ----------------------------------------------------------------------
[debug] [2021-03-16T10:47:00.877Z] 
[debug] [2021-03-16T10:47:00.881Z] > command requires scopes: ["email","openid","https://www.googleapis.com/auth/cloudplatformprojects.readonly","https://www.googleapis.com/auth/firebase","https://www.googleapis.com/auth/cloud-platform"]
[debug] [2021-03-16T10:47:00.881Z] > authorizing via signed-in user
[info] 
     ######## #### ########  ######## ########     ###     ######  ########
     ##        ##  ##     ## ##       ##     ##  ##   ##  ##       ##
     ######    ##  ########  ######   ########  #########  ######  ######
     ##        ##  ##    ##  ##       ##     ## ##     ##       ## ##
     ##       #### ##     ## ######## ########  ##     ##  ######  ########

You're about to initialize a Firebase project in this directory:

  C:\Users\robelg\cryptopricer

[info] 
=== Project Setup
[info] 
[info] First, let's associate this project directory with a Firebase project.
[info] You can create multiple project aliases by running firebase use --add, 
[info] but for now we'll just set up a default project.
[info] 
[info] i  If you want to create a project in a Google Cloud organization or folder, please use "firebase projects:create" instead, and return to this command when you've created the project. 
